SF:lib\src\auth\domain\entities\logged_user.dart
DA:7,13
DA:12,4
DA:13,12
LF:3
LH:3
end_of_record
SF:lib\src\auth\domain\errors\failures.dart
DA:3,99
DA:7,33
DA:11,33
DA:15,33
DA:19,33
DA:23,33
LF:6
LH:6
end_of_record
SF:lib\src\auth\domain\usecases\do_login.dart
DA:18,1
DA:20,1
DA:25,1
DA:31,1
DA:37,1
DA:43,2
LF:6
LH:6
end_of_record
SF:lib\src\auth\domain\usecases\do_logout.dart
DA:13,1
DA:15,1
DA:17,2
LF:3
LH:3
end_of_record
SF:lib\src\auth\domain\usecases\get_current_user.dart
DA:14,1
DA:16,1
DA:18,2
LF:3
LH:3
end_of_record
SF:lib\src\auth\external\datasources\auth_datasource_impl.dart
DA:10,1
DA:12,1
DA:15,2
DA:19,1
DA:20,1
DA:21,1
DA:22,1
DA:23,1
DA:26,1
DA:27,1
DA:28,1
DA:30,1
DA:31,1
DA:32,1
DA:40,1
DA:42,2
DA:47,1
DA:49,2
DA:51,3
DA:57,1
DA:58,1
DA:59,1
DA:60,1
LF:23
LH:23
end_of_record
SF:lib\src\auth\infra\models\logged_user_model.dart
DA:4,5
DA:6,2
DA:7,2
DA:8,2
DA:9,2
LF:5
LH:5
end_of_record
SF:lib\src\auth\infra\repositories\auth_repository_impl.dart
DA:13,1
DA:15,1
DA:21,2
DA:23,1
DA:24,1
DA:25,1
DA:27,2
DA:32,1
DA:35,2
DA:38,1
DA:39,1
DA:41,2
DA:46,1
DA:49,2
DA:51,1
DA:52,1
DA:53,1
DA:55,2
LF:18
LH:18
end_of_record
SF:lib\src\auth\presentation\cubits\auth_cubit.dart
DA:14,1
DA:18,2
DA:20,1
DA:21,2
DA:23,2
DA:25,2
DA:26,2
DA:27,1
DA:28,2
DA:29,2
DA:33,1
DA:34,2
DA:35,2
DA:37,2
DA:39,2
DA:40,2
DA:41,1
DA:42,2
DA:43,2
DA:47,1
DA:48,2
DA:49,2
DA:50,2
DA:52,2
DA:54,2
DA:55,2
DA:56,1
DA:57,2
DA:58,2
LF:29
LH:29
end_of_record
SF:lib\src\auth\presentation\cubits\auth_state.dart
DA:9,1
DA:10,1
DA:14,1
DA:15,1
DA:19,1
DA:20,1
DA:26,5
DA:28,1
DA:29,2
DA:33,1
DA:34,1
DA:38,1
DA:39,1
DA:45,1
DA:47,1
DA:48,2
LF:16
LH:16
end_of_record
SF:lib\src\auth\presentation\guards\auth_guard.dart
DA:9,2
DA:11,1
DA:13,2
DA:15,2
DA:16,2
DA:19,2
LF:6
LH:6
end_of_record
SF:lib\src\auth\presentation\guards\guest_guard.dart
DA:9,2
DA:11,1
DA:13,2
DA:15,2
DA:16,2
DA:19,2
LF:6
LH:6
end_of_record
SF:lib\src\auth\presentation\pages\login_page.dart
DA:15,34
DA:17,1
DA:18,1
DA:27,1
DA:29,2
DA:30,2
DA:31,1
DA:34,1
DA:36,1
DA:37,1
DA:38,1
DA:39,1
DA:40,0
DA:41,1
DA:42,0
DA:45,1
DA:46,1
DA:48,1
DA:49,1
DA:51,1
DA:54,1
DA:55,1
DA:56,1
DA:57,1
DA:67,1
DA:68,1
DA:71,1
DA:78,1
DA:79,1
DA:80,1
DA:81,1
DA:82,1
DA:84,1
DA:85,1
DA:86,1
DA:87,1
DA:88,1
DA:89,1
DA:91,1
DA:93,1
DA:96,1
DA:97,3
DA:98,0
DA:99,0
DA:107,1
DA:108,1
DA:109,1
DA:110,1
DA:112,1
DA:114,1
DA:116,0
DA:117,0
DA:118,0
DA:119,0
DA:133,1
DA:134,1
DA:135,1
DA:136,1
DA:137,1
DA:139,1
DA:140,1
DA:141,1
DA:142,1
DA:144,1
DA:149,7
LF:65
LH:57
end_of_record
SF:lib\src\auth\presentation\widgets\logout_button.dart
DA:13,4
DA:15,2
DA:17,2
DA:18,2
DA:19,0
DA:20,0
DA:21,0
DA:22,0
DA:23,0
DA:26,2
DA:28,6
DA:29,4
LF:12
LH:7
end_of_record
SF:lib\src\orders\domain\entities\order.dart
DA:16,16
DA:30,6
DA:31,6
DA:32,6
DA:33,6
DA:34,6
DA:35,6
DA:36,6
DA:37,6
DA:38,6
DA:39,6
DA:40,6
DA:41,6
DA:42,6
LF:14
LH:14
end_of_record
SF:lib\src\orders\domain\errors\failures.dart
DA:3,233
DA:7,165
DA:11,35
DA:15,33
LF:4
LH:4
end_of_record
SF:lib\src\orders\domain\usecases\delete_order.dart
DA:14,1
DA:16,1
DA:18,1
DA:26,2
DA:32,2
DA:38,2
LF:6
LH:6
end_of_record
SF:lib\src\orders\domain\usecases\get_all_orders_by_arrival_date.dart
DA:14,1
DA:16,1
DA:18,1
DA:24,2
LF:4
LH:4
end_of_record
SF:lib\src\orders\domain\usecases\get_all_orders_by_send_date.dart
DA:14,1
DA:16,1
DA:18,1
DA:24,2
LF:4
LH:4
end_of_record
SF:lib\src\orders\domain\usecases\get_order_by_type_and_number.dart
DA:14,1
DA:16,1
DA:18,1
DA:24,1
DA:30,2
LF:5
LH:5
end_of_record
SF:lib\src\orders\domain\usecases\save_order.dart
DA:15,1
DA:17,1
DA:19,1
DA:27,2
DA:33,2
DA:39,2
DA:45,2
DA:51,2
DA:57,2
DA:63,2
DA:73,1
DA:74,4
DA:75,1
DA:79,2
DA:87,2
DA:89,2
DA:100,2
DA:102,2
DA:113,2
DA:122,2
DA:131,2
DA:140,3
DA:151,3
DA:160,1
DA:162,3
DA:171,2
LF:26
LH:26
end_of_record
SF:lib\src\orders\external\datasources\order_datasource_impl.dart
DA:11,1
DA:13,1
DA:15,1
DA:16,2
DA:17,1
DA:18,1
DA:20,1
DA:24,1
DA:25,1
DA:30,1
DA:32,2
DA:33,1
DA:34,1
DA:35,1
DA:37,3
DA:38,1
DA:39,1
DA:44,1
DA:46,2
DA:47,1
DA:48,1
DA:49,1
DA:51,3
DA:52,1
DA:53,1
DA:58,1
DA:60,3
DA:61,2
DA:62,1
DA:64,2
DA:69,1
DA:71,3
DA:72,2
DA:73,1
DA:75,1
LF:35
LH:35
end_of_record
SF:lib\src\orders\external\decorators\order_archive_datasource_decorator.dart
DA:11,1
DA:16,1
DA:19,1
DA:22,1
DA:23,2
DA:25,2
DA:26,1
DA:27,1
DA:28,1
DA:37,1
DA:41,3
DA:42,1
DA:44,1
DA:46,1
DA:47,1
DA:48,1
LF:16
LH:16
end_of_record
SF:lib\src\orders\external\decorators\order_datasource_decorator.dart
DA:7,2
DA:9,2
DA:11,4
DA:14,1
DA:16,2
DA:19,1
DA:21,2
DA:24,1
DA:26,2
DA:29,1
DA:31,2
LF:11
LH:11
end_of_record
SF:lib\src\orders\external\dtos\order_dto.dart
DA:4,4
DA:5,2
DA:6,2
DA:7,2
DA:8,2
DA:9,2
DA:10,2
DA:11,2
DA:12,2
DA:13,2
DA:14,2
DA:17,3
DA:18,3
DA:19,3
DA:20,3
DA:21,3
DA:22,3
DA:23,3
DA:24,3
DA:25,3
DA:26,3
DA:27,3
DA:28,3
DA:29,3
LF:24
LH:24
end_of_record
SF:lib\src\orders\infra\repositories\order_repository_impl.dart
DA:13,1
DA:15,1
DA:21,2
DA:26,1
DA:27,1
DA:28,1
DA:30,2
DA:35,1
DA:40,2
DA:42,1
DA:43,1
DA:44,1
DA:46,2
DA:51,1
DA:56,2
DA:60,1
DA:61,1
DA:62,1
DA:64,2
DA:69,1
DA:72,2
DA:74,1
DA:75,1
DA:76,1
DA:78,2
DA:83,1
DA:86,2
DA:89,1
DA:90,1
DA:92,2
LF:30
LH:30
end_of_record
SF:lib\src\orders\presentation\cubits\orders_search_cubit.dart
DA:13,1
DA:16,2
DA:18,1
DA:19,2
DA:22,1
DA:23,2
DA:26,1
DA:28,1
DA:29,1
DA:30,1
DA:31,1
DA:37,1
DA:38,2
DA:40,4
DA:41,2
DA:42,1
DA:43,2
DA:47,1
DA:48,2
DA:50,4
DA:51,2
DA:52,1
DA:53,2
LF:23
LH:23
end_of_record
SF:lib\src\orders\presentation\cubits\orders_search_state.dart
DA:9,1
DA:10,1
DA:14,1
DA:15,1
DA:19,1
DA:20,1
DA:26,1
DA:28,1
DA:29,2
DA:35,1
DA:37,1
DA:38,2
LF:12
LH:12
end_of_record
SF:lib\src\orders\presentation\cubits\order_register_cubit.dart
DA:16,1
DA:20,2
DA:22,1
DA:23,2
DA:26,1
DA:27,2
DA:30,1
DA:31,2
DA:32,2
DA:34,2
DA:36,2
DA:37,2
DA:38,1
DA:39,1
DA:40,1
DA:41,1
DA:47,2
DA:52,1
DA:53,2
DA:55,2
DA:57,2
DA:58,2
DA:59,1
DA:60,2
DA:64,1
DA:65,2
DA:67,2
DA:69,2
DA:70,2
DA:71,1
DA:72,2
LF:31
LH:31
end_of_record
SF:lib\src\orders\presentation\cubits\order_register_state.dart
DA:9,1
DA:10,1
DA:14,1
DA:15,1
DA:19,1
DA:20,1
DA:26,1
DA:28,1
DA:29,2
DA:36,1
DA:41,1
DA:42,3
DA:46,1
DA:47,1
DA:51,1
DA:52,1
DA:56,1
DA:57,1
DA:61,1
DA:62,1
DA:68,1
DA:70,1
DA:71,2
LF:23
LH:23
end_of_record
SF:lib\src\orders\presentation\pages\orders_search_page.dart
DA:15,34
DA:17,1
DA:18,1
DA:28,1
DA:30,1
DA:31,1
DA:34,1
DA:36,2
DA:37,2
DA:38,1
DA:41,1
DA:45,1
DA:46,6
DA:47,3
DA:48,2
DA:50,0
DA:52,0
DA:53,0
DA:54,0
DA:56,2
DA:57,2
DA:60,2
DA:61,2
DA:64,0
DA:65,0
DA:66,0
DA:67,0
DA:70,1
DA:72,1
DA:73,1
DA:74,0
DA:75,0
DA:76,0
DA:79,1
DA:80,1
DA:81,1
DA:83,3
DA:86,1
DA:88,1
DA:89,1
DA:91,1
DA:92,3
DA:96,1
DA:97,1
DA:98,1
DA:100,3
DA:101,0
DA:102,0
DA:106,1
DA:112,1
DA:113,1
DA:114,1
DA:115,4
DA:116,0
DA:120,1
DA:121,1
DA:122,1
DA:123,1
DA:132,1
DA:133,1
DA:134,1
DA:135,1
DA:136,1
DA:137,1
DA:139,1
DA:140,1
DA:141,1
DA:143,3
DA:147,1
DA:148,1
DA:149,1
DA:150,1
DA:152,1
DA:153,1
DA:162,1
DA:163,1
DA:165,1
DA:167,1
DA:168,1
DA:170,2
DA:172,0
DA:173,0
DA:174,0
DA:177,0
DA:185,1
DA:187,1
DA:192,0
DA:195,1
DA:197,1
DA:202,1
DA:212,1
DA:213,1
DA:215,1
DA:216,1
DA:217,1
DA:218,1
DA:219,0
DA:220,0
DA:221,0
DA:222,0
DA:223,0
DA:233,0
DA:234,0
DA:235,0
DA:244,0
DA:293,0
DA:294,0
DA:295,0
DA:296,0
DA:297,0
DA:299,0
DA:300,0
DA:301,0
DA:302,0
DA:307,0
DA:308,0
DA:310,0
DA:313,0
DA:314,0
DA:316,0
DA:319,0
DA:320,0
DA:322,0
LF:123
LH:77
end_of_record
SF:lib\src\orders\presentation\pages\order_register_page.dart
DA:20,34
DA:22,1
DA:23,1
DA:41,1
DA:43,1
DA:44,1
DA:47,1
DA:49,2
DA:50,2
DA:51,2
DA:52,2
DA:53,2
DA:54,2
DA:55,2
DA:56,2
DA:57,2
DA:58,2
DA:59,1
DA:62,1
DA:66,1
DA:67,0
DA:70,1
DA:71,3
DA:72,3
DA:73,2
DA:75,0
DA:77,0
DA:78,0
DA:79,0
DA:81,2
DA:82,2
DA:85,2
DA:86,2
DA:89,0
DA:90,0
DA:91,0
DA:92,0
DA:95,0
DA:96,0
DA:97,0
DA:98,0
DA:99,0
DA:100,0
DA:101,0
DA:102,0
DA:103,0
DA:106,0
DA:107,0
DA:108,0
DA:109,0
DA:110,0
DA:111,0
DA:112,0
DA:113,0
DA:114,0
DA:115,0
DA:116,0
DA:119,1
DA:121,1
DA:122,1
DA:123,0
DA:124,0
DA:125,0
DA:126,0
DA:127,0
DA:128,0
DA:129,0
DA:130,0
DA:131,0
DA:132,0
DA:133,0
DA:134,0
DA:135,0
DA:136,0
DA:137,0
DA:138,0
DA:139,0
DA:140,0
DA:141,0
DA:142,0
DA:143,0
DA:144,0
DA:145,0
DA:146,0
DA:147,0
DA:148,0
DA:149,0
DA:152,1
DA:153,1
DA:154,1
DA:156,3
DA:159,1
DA:161,1
DA:162,1
DA:164,1
DA:165,3
DA:169,1
DA:170,1
DA:171,1
DA:173,3
DA:174,0
DA:175,0
DA:179,1
DA:185,1
DA:186,1
DA:187,1
DA:188,4
DA:189,0
DA:193,1
DA:194,1
DA:195,1
DA:196,1
DA:197,1
DA:206,1
DA:207,1
DA:208,1
DA:209,1
DA:210,2
DA:212,1
DA:213,1
DA:214,1
DA:217,1
DA:219,1
DA:220,1
DA:221,1
DA:222,1
DA:224,1
DA:226,1
DA:227,1
DA:229,2
DA:232,0
DA:240,1
DA:241,1
DA:243,1
DA:245,1
DA:256,1
DA:257,1
DA:272,1
DA:273,1
DA:274,1
DA:275,1
DA:277,1
DA:278,1
DA:279,1
DA:281,1
DA:282,1
DA:283,1
DA:284,1
DA:285,1
DA:286,1
DA:288,1
DA:290,1
DA:292,2
DA:296,1
DA:297,1
DA:299,1
DA:301,1
DA:303,2
DA:307,1
DA:308,1
DA:310,1
DA:312,1
DA:314,2
DA:320,1
DA:321,1
DA:322,1
DA:323,1
DA:325,1
DA:327,1
DA:329,2
DA:336,1
DA:337,1
DA:338,1
DA:339,1
DA:341,1
DA:343,1
DA:345,2
DA:349,1
DA:350,1
DA:352,1
DA:354,1
DA:356,2
DA:360,1
DA:361,1
DA:363,1
DA:365,1
DA:367,2
DA:373,1
DA:374,1
DA:375,1
DA:376,1
DA:378,1
DA:380,1
DA:382,2
DA:395,1
DA:396,1
DA:397,1
DA:398,1
DA:400,1
DA:401,1
DA:402,1
DA:403,1
DA:404,1
DA:405,1
DA:406,1
DA:408,1
DA:410,1
DA:411,1
DA:412,1
DA:414,1
DA:419,0
DA:422,1
DA:424,1
DA:429,0
DA:430,0
DA:431,0
DA:435,1
DA:437,1
DA:442,0
DA:443,0
DA:445,0
DA:449,0
LF:222
LH:154
end_of_record
SF:lib\src\shared\config\firebase\firebase_config.dart
DA:9,1
DA:10,1
DA:11,1
DA:16,2
DA:17,2
DA:18,2
DA:21,3
LF:7
LH:7
end_of_record
SF:lib\src\shared\config\sentry\sentry_config.dart
DA:6,1
DA:7,1
DA:8,1
DA:10,1
DA:11,1
LF:5
LH:5
end_of_record
SF:lib\src\shared\config\theme\theme_config.dart
DA:6,1
DA:8,2
DA:14,2
DA:20,1
DA:21,4
DA:22,1
DA:23,1
DA:25,1
DA:26,2
DA:27,1
DA:28,2
DA:29,1
DA:31,1
LF:13
LH:13
end_of_record
SF:lib\src\shared\helpers\debounce.dart
DA:3,2
DA:5,1
DA:6,1
DA:7,4
LF:4
LH:4
end_of_record
SF:lib\src\shared\helpers\input_formatters.dart
DA:6,1
DA:7,1
DA:9,2
DA:10,4
DA:12,2
DA:13,4
DA:15,4
DA:16,2
DA:17,2
DA:18,1
DA:22,6
LF:11
LH:11
end_of_record
SF:lib\src\shared\helpers\string_generator.dart
DA:3,1
DA:4,1
DA:7,1
DA:9,2
DA:10,2
DA:11,2
DA:14,1
LF:7
LH:7
end_of_record
SF:lib\src\shared\helpers\universal_imports.dart
DA:3,33
LF:1
LH:1
end_of_record
SF:lib\src\shared\managers\snackbar_manager.dart
DA:6,0
DA:8,0
DA:14,0
DA:17,0
DA:19,0
DA:20,0
DA:21,0
DA:23,0
DA:24,0
DA:25,0
DA:28,0
DA:30,0
DA:31,0
DA:33,0
DA:34,0
DA:35,0
DA:37,0
DA:39,0
DA:46,0
DA:47,0
DA:48,0
DA:62,0
DA:63,0
DA:64,0
DA:67,0
DA:68,0
DA:70,0
DA:71,0
DA:76,0
DA:77,0
DA:79,0
DA:80,0
DA:85,0
DA:86,0
DA:91,0
DA:92,0
DA:95,0
DA:96,0
DA:99,0
DA:100,0
LF:40
LH:0
end_of_record
SF:lib\src\shared\services\error_service_impl.dart
DA:6,1
DA:11,1
LF:2
LH:2
end_of_record
SF:lib\src\shared\widgets\buttons\outline_button.dart
DA:12,3
DA:21,3
DA:22,3
DA:23,3
DA:24,9
DA:25,2
DA:26,6
DA:27,1
DA:28,3
DA:32,3
DA:34,3
DA:35,6
DA:36,6
DA:37,3
DA:39,3
DA:40,3
DA:42,9
DA:45,5
LF:18
LH:18
end_of_record
SF:lib\src\shared\widgets\dialogs\confirm_dialog.dart
DA:13,0
DA:23,0
DA:25,0
DA:26,0
DA:27,0
DA:28,0
DA:29,0
DA:30,0
DA:33,0
DA:34,0
DA:35,0
DA:38,0
DA:39,0
DA:42,0
DA:43,0
DA:44,0
LF:16
LH:0
end_of_record
SF:lib\src\shared\widgets\inputs\password_input.dart
DA:6,1
DA:15,1
DA:23,1
DA:24,1
DA:31,1
DA:32,2
DA:33,2
DA:34,2
DA:36,1
DA:43,1
DA:45,1
DA:46,2
DA:47,2
DA:48,2
DA:49,1
DA:52,1
DA:53,2
DA:54,1
DA:55,2
DA:57,1
DA:58,3
DA:62,2
DA:63,1
DA:64,1
DA:65,1
DA:67,0
DA:68,0
DA:69,0
LF:28
LH:25
end_of_record
SF:lib\src\shared\widgets\inputs\select_input.dart
DA:10,2
DA:18,4
DA:22,2
DA:24,2
DA:25,4
DA:26,2
DA:27,0
DA:29,2
DA:30,4
DA:32,2
DA:37,4
DA:38,2
DA:39,4
DA:40,2
DA:41,4
DA:44,2
LF:16
LH:15
end_of_record
SF:lib\src\shared\widgets\inputs\text_area_input.dart
DA:11,1
DA:20,1
DA:22,1
DA:23,1
DA:24,1
DA:25,1
DA:26,1
DA:27,1
DA:28,1
DA:29,3
DA:31,1
DA:32,2
DA:36,1
LF:13
LH:13
end_of_record
SF:lib\src\shared\widgets\inputs\text_input.dart
DA:14,3
DA:26,3
DA:28,3
DA:29,3
DA:30,3
DA:31,3
DA:32,3
DA:33,3
DA:34,3
DA:35,3
DA:36,5
DA:38,3
DA:39,6
DA:43,3
DA:44,3
LF:15
LH:15
end_of_record
SF:lib\src\shared\widgets\loaders\logo_fullscreen_loader.dart
DA:8,33
DA:10,0
DA:11,0
DA:13,0
DA:15,0
DA:17,0
DA:19,0
DA:26,0
DA:28,0
DA:29,0
DA:30,0
DA:31,0
DA:33,0
LF:13
LH:1
end_of_record
