SF:lib\core\boot\firebase\firebase_boot.dart
DA:14,1
DA:15,1
DA:16,1
DA:20,2
DA:21,2
DA:22,2
DA:26,0
DA:27,0
DA:29,0
DA:34,3
DA:37,0
DA:38,0
DA:39,0
DA:42,0
DA:43,0
DA:44,0
DA:45,0
DA:49,0
LF:18
LH:7
end_of_record
SF:lib\core\helpers\snackbar_helper.dart
DA:7,2
DA:9,1
DA:14,1
DA:15,2
DA:16,1
DA:18,1
DA:20,1
DA:22,1
DA:28,1
DA:33,1
DA:34,2
DA:35,1
DA:37,1
DA:39,1
DA:41,1
DA:47,1
DA:48,2
DA:49,2
DA:55,6
DA:56,1
DA:58,2
DA:59,4
DA:62,6
DA:63,12
DA:66,1
DA:67,2
LF:26
LH:26
end_of_record
SF:lib\features\auth\domain\errors\failures.dart
DA:4,130
DA:8,63
DA:12,33
DA:16,33
DA:20,34
DA:24,33
LF:6
LH:6
end_of_record
SF:lib\features\auth\domain\usecases\do_login.dart
DA:18,1
DA:20,1
DA:25,1
DA:31,1
DA:37,1
DA:43,2
LF:6
LH:6
end_of_record
SF:lib\features\auth\domain\usecases\do_logout.dart
DA:13,1
DA:15,1
DA:17,2
LF:3
LH:3
end_of_record
SF:lib\features\auth\domain\usecases\get_current_user.dart
DA:14,1
DA:16,1
DA:18,2
LF:3
LH:3
end_of_record
SF:lib\features\auth\presentation\stores\auth_store.g.dart
DA:12,3
DA:13,6
DA:15,2
DA:17,4
DA:18,2
DA:21,3
DA:23,12
DA:24,3
DA:28,3
DA:29,6
DA:31,3
DA:33,6
DA:34,3
DA:37,3
DA:39,12
DA:40,3
DA:44,3
DA:45,6
DA:47,3
DA:49,6
DA:50,3
DA:53,3
DA:55,12
DA:56,3
DA:60,2
DA:61,4
DA:63,2
DA:65,8
DA:68,2
DA:69,4
DA:71,2
DA:73,8
DA:76,2
DA:77,4
DA:79,2
DA:81,8
DA:84,1
DA:87,1
DA:88,1
DA:89,1
DA:90,1
LF:41
LH:41
end_of_record
SF:lib\features\auth\presentation\stores\auth_store.dart
DA:20,3
DA:35,2
DA:37,2
DA:39,4
DA:40,2
DA:41,4
DA:42,2
DA:45,2
DA:48,2
DA:50,2
DA:51,2
DA:53,2
DA:54,2
DA:55,4
DA:56,2
DA:57,4
DA:58,4
DA:61,2
DA:64,2
DA:66,2
DA:67,2
DA:69,4
DA:70,2
DA:71,4
DA:72,4
DA:75,2
LF:26
LH:26
end_of_record
SF:lib\features\catalog\domain\errors\failures.dart
DA:3,511
DA:7,378
DA:11,33
DA:15,34
DA:19,66
LF:5
LH:5
end_of_record
SF:lib\features\catalog\domain\usecases\get_material_by_code.dart
DA:14,1
DA:16,1
DA:18,1
DA:24,2
LF:4
LH:4
end_of_record
SF:lib\features\catalog\domain\usecases\get_materials_by_description.dart
DA:14,1
DA:16,1
DA:18,1
DA:24,2
LF:4
LH:4
end_of_record
SF:lib\features\catalog\domain\usecases\get_materials_by_group_description.dart
DA:15,1
DA:17,1
DA:19,1
DA:25,2
LF:4
LH:4
end_of_record
SF:lib\features\catalog\domain\usecases\get_service_by_code.dart
DA:14,1
DA:16,1
DA:18,1
DA:24,2
LF:4
LH:4
end_of_record
SF:lib\features\catalog\domain\usecases\get_services_by_description.dart
DA:14,1
DA:16,1
DA:18,1
DA:24,2
LF:4
LH:4
end_of_record
SF:lib\features\catalog\domain\usecases\get_services_by_group_description.dart
DA:15,1
DA:17,1
DA:19,1
DA:25,2
LF:4
LH:4
end_of_record
SF:lib\features\catalog\presentation\controllers\items_search_controller.dart
DA:29,2
DA:50,2
DA:52,2
DA:53,4
DA:54,2
DA:55,2
DA:58,2
DA:60,2
DA:61,2
DA:62,4
DA:64,2
DA:65,2
DA:66,2
DA:70,2
DA:71,2
DA:72,10
DA:73,1
DA:74,2
DA:75,1
DA:76,2
DA:78,1
DA:79,1
DA:80,5
DA:81,1
DA:82,2
DA:83,1
DA:84,2
DA:90,2
DA:91,4
DA:92,4
DA:94,2
DA:97,2
LF:32
LH:32
end_of_record
SF:lib\features\catalog\presentation\controllers\items_search_controller.g.dart
DA:12,2
DA:13,4
DA:15,2
DA:17,4
DA:18,2
DA:21,2
DA:23,8
DA:24,2
DA:28,2
DA:29,4
DA:31,2
DA:33,4
DA:34,2
DA:37,2
DA:39,8
DA:40,2
DA:44,2
DA:45,4
DA:47,2
DA:49,4
DA:50,2
DA:53,1
DA:55,4
DA:56,1
DA:60,2
DA:61,4
DA:63,2
DA:65,4
DA:66,2
DA:69,2
DA:71,8
DA:72,2
DA:76,2
DA:77,4
DA:79,2
DA:81,8
DA:84,2
DA:85,4
DA:87,2
DA:89,8
DA:92,1
DA:95,1
DA:96,1
DA:97,1
DA:98,1
DA:99,1
LF:46
LH:46
end_of_record
SF:lib\features\orders\domain\errors\failures.dart
DA:3,383
DA:7,315
DA:11,35
DA:15,33
LF:4
LH:4
end_of_record
SF:lib\features\orders\domain\usecases\delete_order.dart
DA:14,1
DA:16,1
DA:18,1
DA:26,2
DA:32,2
DA:38,2
LF:6
LH:6
end_of_record
SF:lib\features\orders\domain\usecases\get_all_orders_by_arrival_date.dart
DA:14,1
DA:16,1
DA:18,1
DA:24,2
LF:4
LH:4
end_of_record
SF:lib\features\orders\domain\usecases\get_all_orders_by_send_date.dart
DA:14,1
DA:16,1
DA:18,1
DA:24,2
LF:4
LH:4
end_of_record
SF:lib\features\orders\domain\usecases\get_order_by_type_and_number.dart
DA:14,1
DA:16,1
DA:18,1
DA:24,1
DA:30,2
LF:5
LH:5
end_of_record
SF:lib\features\orders\domain\usecases\save_order.dart
DA:15,1
DA:17,1
DA:19,1
DA:27,2
DA:33,2
DA:39,2
DA:45,2
DA:51,2
DA:57,2
DA:63,2
DA:73,1
DA:74,4
DA:75,1
DA:79,2
DA:87,2
DA:89,2
DA:100,2
DA:102,2
DA:113,2
DA:122,2
DA:131,2
DA:140,3
DA:151,3
DA:160,1
DA:162,3
DA:171,2
LF:26
LH:26
end_of_record
SF:lib\features\orders\presentation\controllers\order_register_controller.g.dart
DA:12,2
DA:13,4
DA:15,2
DA:17,4
DA:18,2
DA:21,2
DA:23,8
DA:24,2
DA:28,2
DA:29,4
DA:31,2
DA:33,4
DA:34,2
DA:37,2
DA:39,8
DA:40,2
DA:44,2
DA:45,4
DA:47,2
DA:49,4
DA:50,2
DA:53,2
DA:55,8
DA:56,2
DA:60,2
DA:61,4
DA:63,2
DA:65,4
DA:66,2
DA:69,2
DA:71,8
DA:72,2
DA:76,2
DA:77,4
DA:79,2
DA:81,4
DA:82,2
DA:85,2
DA:87,8
DA:88,2
DA:92,2
DA:93,4
DA:95,2
DA:97,4
DA:98,2
DA:101,2
DA:103,8
DA:104,2
DA:108,2
DA:109,4
DA:111,2
DA:113,4
DA:114,2
DA:117,2
DA:119,8
DA:120,2
DA:124,2
DA:125,4
DA:127,2
DA:129,8
DA:132,2
DA:133,4
DA:135,2
DA:137,8
DA:140,4
DA:142,2
DA:144,2
DA:147,2
DA:148,6
DA:151,2
DA:152,4
DA:154,2
DA:156,8
DA:159,2
DA:160,4
DA:162,2
DA:164,8
DA:167,1
DA:170,1
DA:171,1
DA:172,1
DA:173,1
DA:174,1
DA:175,1
DA:176,1
DA:177,1
LF:86
LH:86
end_of_record
SF:lib\features\orders\presentation\controllers\order_register_controller.dart
DA:24,2
DA:51,2
DA:53,2
DA:54,2
DA:55,2
DA:56,2
DA:57,2
DA:60,2
DA:62,2
DA:63,2
DA:64,2
DA:65,2
DA:67,2
DA:68,2
DA:69,2
DA:70,2
DA:72,6
DA:73,4
DA:78,2
DA:84,4
DA:85,4
DA:86,4
DA:88,2
DA:89,2
DA:90,2
DA:91,2
DA:93,2
DA:94,2
DA:95,1
DA:96,1
DA:98,2
DA:99,2
DA:100,2
DA:106,2
DA:109,2
DA:111,2
DA:112,2
DA:113,2
DA:115,2
DA:117,4
DA:119,2
DA:120,2
DA:121,2
DA:122,2
DA:123,2
DA:125,2
DA:128,2
DA:131,2
DA:133,2
DA:134,2
DA:135,2
DA:137,2
DA:139,4
DA:141,2
DA:142,2
DA:143,2
DA:144,2
DA:146,2
DA:149,2
DA:152,2
DA:153,2
DA:154,2
DA:155,2
DA:156,2
DA:157,2
DA:158,2
DA:159,2
DA:160,2
DA:161,2
DA:162,2
DA:163,2
LF:71
LH:71
end_of_record
SF:lib\features\orders\presentation\controllers\orders_search_controller.g.dart
DA:12,2
DA:13,4
DA:15,2
DA:17,4
DA:18,2
DA:21,2
DA:23,8
DA:24,2
DA:28,2
DA:29,4
DA:31,2
DA:33,4
DA:34,2
DA:37,2
DA:39,8
DA:40,2
DA:44,2
DA:45,4
DA:47,2
DA:49,4
DA:50,2
DA:53,1
DA:55,4
DA:56,1
DA:60,2
DA:61,4
DA:63,2
DA:65,4
DA:66,2
DA:69,2
DA:71,8
DA:72,2
DA:76,2
DA:77,4
DA:79,2
DA:81,8
DA:84,2
DA:85,4
DA:87,2
DA:89,8
DA:92,1
DA:95,1
DA:96,1
DA:97,1
DA:98,1
DA:99,1
LF:46
LH:46
end_of_record
SF:lib\features\orders\presentation\controllers\orders_search_controller.dart
DA:21,2
DA:38,2
DA:40,2
DA:41,4
DA:42,2
DA:43,2
DA:46,2
DA:48,2
DA:49,2
DA:50,4
DA:52,2
DA:53,2
DA:57,2
DA:58,4
DA:59,1
DA:60,2
DA:65,2
DA:66,4
DA:67,4
DA:69,2
DA:72,2
LF:21
LH:21
end_of_record
SF:lib\core\errors\failure.dart
DA:3,130
LF:1
LH:1
end_of_record
SF:lib\core\helpers\debounce.dart
DA:3,1
DA:5,1
DA:6,1
DA:7,4
DA:11,1
DA:13,1
DA:14,1
DA:15,4
DA:19,1
DA:21,1
DA:22,1
DA:23,4
DA:27,3
DA:29,3
DA:30,2
DA:31,12
LF:16
LH:16
end_of_record
SF:lib\core\reactivity\obs_paginated_list.g.dart
DA:14,3
DA:16,12
DA:18,3
DA:21,5
DA:23,20
DA:25,5
DA:28,5
DA:30,20
DA:32,5
DA:35,5
DA:37,20
DA:39,5
DA:42,5
DA:43,20
DA:45,5
DA:48,5
DA:49,20
DA:51,5
DA:54,5
DA:56,20
DA:58,5
DA:60,10
DA:61,5
DA:63,5
DA:65,10
DA:66,5
DA:69,1
DA:71,4
DA:72,1
DA:76,5
DA:77,10
DA:79,5
DA:81,10
DA:82,5
DA:85,5
DA:87,16
DA:88,1
DA:92,5
DA:93,10
DA:95,1
DA:97,1
DA:98,1
DA:100,1
DA:102,2
DA:106,1
DA:108,1
DA:109,1
DA:111,1
DA:113,2
DA:117,1
DA:119,1
DA:120,1
DA:122,1
DA:124,2
DA:128,5
DA:130,5
DA:131,5
DA:133,5
DA:135,10
DA:139,5
DA:141,5
DA:142,5
DA:144,5
DA:146,10
DA:150,2
DA:153,2
DA:154,2
DA:155,2
DA:156,2
DA:157,2
DA:158,2
DA:159,2
DA:160,2
LF:73
LH:73
end_of_record
SF:lib\core\reactivity\obs_paginated_list.dart
DA:11,5
DA:14,5
DA:25,3
DA:26,3
DA:28,5
DA:30,40
DA:32,5
DA:33,5
DA:35,5
DA:36,25
DA:38,5
DA:39,10
DA:41,5
DA:42,10
DA:44,5
DA:45,10
DA:47,1
DA:49,1
DA:50,1
DA:52,3
DA:53,2
DA:58,1
DA:60,2
DA:61,3
DA:65,1
DA:67,3
DA:68,3
DA:72,5
DA:74,10
DA:77,5
DA:79,10
DA:80,5
LF:32
LH:32
end_of_record
SF:lib\core\theme\design_system\design_system.dart
DA:6,2
DA:12,2
DA:18,1
DA:19,4
DA:20,1
DA:21,1
DA:23,1
DA:25,1
DA:26,2
DA:27,1
DA:28,2
DA:29,1
DA:31,1
LF:13
LH:13
end_of_record
SF:lib\core\theme\design_system\widgets\buttons\outline_button.dart
DA:12,4
DA:21,4
DA:22,4
DA:23,4
DA:24,12
DA:25,3
DA:26,9
DA:27,1
DA:28,3
DA:32,4
DA:34,4
DA:35,8
DA:36,8
DA:37,4
DA:39,4
DA:40,4
DA:42,14
DA:45,8
LF:18
LH:18
end_of_record
SF:lib\core\theme\design_system\widgets\dialogs\confirm_dialog.dart
DA:13,1
DA:23,1
DA:25,1
DA:26,2
DA:27,2
DA:28,1
DA:29,1
DA:30,1
DA:33,1
DA:34,2
DA:35,1
DA:38,1
DA:39,1
DA:42,1
DA:43,1
DA:44,1
LF:16
LH:16
end_of_record
SF:lib\core\theme\design_system\widgets\inputs\password_input.dart
DA:12,1
DA:20,1
DA:21,1
DA:28,1
DA:29,2
DA:30,2
DA:31,2
DA:32,0
DA:36,1
DA:38,1
DA:39,2
DA:40,2
DA:41,2
DA:42,1
DA:45,1
DA:46,2
DA:47,1
DA:48,2
DA:50,1
DA:51,3
DA:55,2
DA:56,1
DA:57,1
DA:58,1
DA:60,1
DA:61,2
DA:62,2
LF:27
LH:26
end_of_record
SF:lib\core\theme\design_system\widgets\inputs\select_input.dart
DA:10,3
DA:18,6
DA:22,3
DA:24,3
DA:25,6
DA:26,3
DA:27,0
DA:29,3
DA:30,6
DA:32,3
DA:37,6
DA:38,3
DA:39,6
DA:40,3
DA:41,3
DA:42,3
DA:46,3
LF:17
LH:16
end_of_record
SF:lib\core\theme\design_system\widgets\inputs\text_area_input.dart
DA:11,1
DA:20,1
DA:22,1
DA:23,1
DA:24,1
DA:25,1
DA:26,1
DA:27,1
DA:28,1
DA:29,3
DA:31,1
DA:32,2
DA:36,1
LF:13
LH:13
end_of_record
SF:lib\core\theme\design_system\widgets\inputs\text_input.dart
DA:14,4
DA:26,4
DA:28,4
DA:29,4
DA:30,4
DA:31,4
DA:32,4
DA:33,4
DA:34,4
DA:35,4
DA:36,6
DA:38,4
DA:39,8
DA:43,4
DA:44,4
DA:45,1
LF:16
LH:16
end_of_record
SF:lib\core\theme\design_system\widgets\loaders\logo_fullscreen_loader.dart
DA:8,1
DA:10,0
DA:11,0
DA:13,0
DA:15,0
DA:17,0
DA:19,0
DA:26,0
DA:28,0
DA:29,0
DA:30,0
DA:31,0
DA:33,0
LF:13
LH:1
end_of_record
SF:lib\core\theme\design_system\widgets\pagination\paginator.dart
DA:13,2
DA:23,2
DA:25,6
DA:26,6
DA:27,6
DA:28,4
DA:30,2
DA:31,2
DA:32,2
DA:34,2
DA:35,2
DA:36,4
DA:39,4
DA:40,2
DA:41,6
LF:15
LH:15
end_of_record
SF:lib\core\theme\design_system\widgets\snackbars\base_snackbar.dart
DA:13,1
DA:23,1
DA:24,1
DA:32,1
DA:34,1
DA:36,2
DA:38,3
DA:40,4
DA:41,2
DA:44,1
DA:46,2
DA:47,1
DA:50,1
DA:53,3
DA:54,3
DA:56,2
DA:57,1
DA:58,2
DA:62,1
DA:64,1
DA:66,1
DA:67,1
DA:68,1
DA:70,1
DA:71,1
DA:72,2
DA:73,1
DA:76,1
DA:77,1
DA:78,1
DA:80,1
DA:82,1
DA:83,5
DA:85,1
DA:86,2
DA:87,1
DA:88,2
DA:94,1
DA:95,1
DA:96,2
DA:97,1
DA:99,1
DA:100,1
DA:101,5
DA:102,1
DA:103,2
DA:104,2
LF:47
LH:47
end_of_record
SF:lib\core\theme\design_system\widgets\snackbars\error_snackbar.dart
DA:9,0
DA:15,0
DA:17,0
DA:18,0
DA:19,0
DA:20,0
DA:21,0
DA:22,0
LF:8
LH:0
end_of_record
SF:lib\core\theme\design_system\widgets\snackbars\success_snackbar.dart
DA:9,1
DA:15,1
DA:17,1
DA:18,1
DA:19,1
DA:20,3
DA:21,3
DA:22,3
LF:8
LH:8
end_of_record
SF:lib\features\auth\domain\entities\logged_user.dart
DA:7,13
DA:12,3
DA:13,9
LF:3
LH:3
end_of_record
SF:lib\features\auth\infra\models\logged_user_model.dart
DA:4,5
DA:6,2
DA:7,2
DA:8,2
DA:9,2
LF:5
LH:5
end_of_record
SF:lib\features\catalog\domain\entities\item.dart
DA:9,21
DA:16,1
DA:17,1
DA:18,1
DA:19,1
DA:20,1
DA:21,1
LF:7
LH:7
end_of_record
SF:lib\features\catalog\domain\entities\material.dart
DA:4,11
DA:11,3
DA:12,3
DA:13,3
DA:14,3
DA:15,3
DA:16,3
LF:7
LH:7
end_of_record
SF:lib\features\catalog\domain\entities\service.dart
DA:4,10
DA:11,3
DA:12,3
DA:13,3
DA:14,3
DA:15,3
DA:16,3
LF:7
LH:7
end_of_record
SF:lib\features\orders\domain\entities\order.dart
DA:16,20
DA:30,6
DA:31,6
DA:32,6
DA:33,6
DA:34,6
DA:35,6
DA:36,6
DA:37,6
DA:38,6
DA:39,6
DA:40,6
DA:41,6
DA:42,6
LF:14
LH:14
end_of_record
SF:lib\core\boot\injection\injector_boot.dart
DA:4,1
DA:5,1
LF:2
LH:2
end_of_record
SF:lib\core\injection\injector.dart
DA:48,23
DA:49,21
DA:51,2
DA:56,9
DA:57,18
DA:59,4
DA:60,4
DA:61,4
DA:62,4
DA:64,4
DA:67,2
DA:70,2
DA:71,2
DA:72,2
DA:75,2
DA:78,2
DA:81,2
DA:84,2
DA:87,2
DA:88,2
DA:89,2
DA:92,2
DA:95,2
DA:98,2
DA:99,2
DA:102,2
DA:103,2
DA:106,2
DA:107,2
DA:108,2
DA:111,2
DA:112,2
DA:113,2
DA:116,2
DA:119,2
DA:124,2
DA:125,0
DA:129,2
DA:132,2
DA:133,2
DA:134,2
DA:135,2
DA:136,2
DA:139,2
DA:140,2
LF:45
LH:44
end_of_record
SF:lib\core\errors\error_handler_impl.dart
DA:6,1
DA:8,1
LF:2
LH:2
end_of_record
SF:lib\core\helpers\map_helper.dart
DA:2,7
DA:3,7
LF:2
LH:2
end_of_record
SF:lib\core\helpers\string_helper.dart
DA:6,1
DA:7,1
DA:11,1
DA:13,2
DA:14,2
DA:15,2
DA:18,1
DA:21,3
DA:23,9
DA:26,3
DA:27,1
DA:29,3
DA:30,1
DA:32,3
DA:36,6
LF:15
LH:15
end_of_record
SF:lib\features\auth\external\datasources\auth_datasource_impl.dart
DA:10,1
DA:12,1
DA:15,2
DA:19,1
DA:20,1
DA:21,1
DA:22,1
DA:23,1
DA:26,1
DA:27,1
DA:28,1
DA:30,1
DA:31,1
DA:32,1
DA:40,1
DA:42,2
DA:47,1
DA:49,2
DA:51,3
DA:57,1
DA:58,1
DA:59,1
DA:60,1
LF:23
LH:23
end_of_record
SF:lib\features\auth\infra\repositories\auth_repository_impl.dart
DA:13,1
DA:15,1
DA:21,2
DA:23,1
DA:24,1
DA:25,1
DA:27,2
DA:32,1
DA:35,2
DA:38,1
DA:39,1
DA:41,2
DA:46,1
DA:49,2
DA:51,1
DA:52,1
DA:53,1
DA:55,2
LF:18
LH:18
end_of_record
SF:lib\features\catalog\external\datasources\material_catalog_datasource_impl.dart
DA:16,1
DA:18,1
DA:19,6
DA:21,1
DA:22,1
DA:23,2
DA:29,1
DA:31,1
DA:33,2
DA:34,6
DA:35,4
DA:36,1
DA:39,1
DA:41,1
DA:42,2
DA:43,4
DA:44,3
DA:45,3
DA:46,1
DA:48,2
DA:50,2
DA:51,5
DA:52,4
DA:53,1
DA:56,1
DA:57,3
DA:58,2
DA:60,1
LF:28
LH:28
end_of_record
SF:lib\features\catalog\external\datasources\service_catalog_datasource_impl.dart
DA:16,1
DA:18,1
DA:19,6
DA:21,1
DA:22,1
DA:23,2
DA:29,1
DA:31,1
DA:33,2
DA:34,6
DA:35,4
DA:36,1
DA:39,1
DA:41,1
DA:42,2
DA:43,4
DA:44,3
DA:45,3
DA:46,1
DA:48,2
DA:50,2
DA:51,5
DA:52,4
DA:53,1
DA:56,1
DA:57,3
DA:58,2
DA:60,1
LF:28
LH:28
end_of_record
SF:lib\features\catalog\infra\repositories\material_catalog_repository_impl.dart
DA:13,1
DA:18,1
DA:21,2
DA:23,1
DA:24,1
DA:25,1
DA:27,2
DA:32,1
DA:38,2
DA:40,1
DA:41,1
DA:42,1
DA:44,2
DA:49,1
DA:54,1
DA:55,1
DA:57,1
DA:58,1
DA:59,1
DA:61,2
LF:20
LH:20
end_of_record
SF:lib\features\catalog\infra\repositories\service_catalog_repository_impl.dart
DA:13,1
DA:18,1
DA:21,2
DA:23,1
DA:24,1
DA:25,1
DA:27,2
DA:32,1
DA:38,2
DA:40,1
DA:41,1
DA:42,1
DA:44,2
DA:49,1
DA:55,2
DA:57,1
DA:58,1
DA:59,1
DA:61,2
LF:19
LH:19
end_of_record
SF:lib\features\orders\external\datasources\order_datasource_impl.dart
DA:11,1
DA:13,1
DA:15,1
DA:16,2
DA:17,1
DA:18,1
DA:20,1
DA:24,1
DA:25,1
DA:30,1
DA:32,2
DA:33,1
DA:34,1
DA:35,1
DA:37,3
DA:38,1
DA:39,1
DA:44,1
DA:46,2
DA:47,1
DA:48,1
DA:49,1
DA:51,3
DA:52,1
DA:53,1
DA:58,1
DA:60,3
DA:61,2
DA:62,1
DA:64,2
DA:69,1
DA:71,3
DA:72,2
DA:73,1
DA:75,1
LF:35
LH:35
end_of_record
SF:lib\features\orders\external\decorators\order_archive_datasource_decorator.dart
DA:11,1
DA:16,1
DA:19,1
DA:22,1
DA:23,2
DA:25,2
DA:26,1
DA:27,1
DA:28,1
DA:37,1
DA:41,3
DA:42,1
DA:44,1
DA:46,1
DA:47,1
DA:48,1
LF:16
LH:16
end_of_record
SF:lib\features\orders\infra\repositories\order_repository_impl.dart
DA:13,1
DA:15,1
DA:21,2
DA:26,1
DA:27,1
DA:28,1
DA:30,2
DA:35,1
DA:40,2
DA:42,1
DA:43,1
DA:44,1
DA:46,2
DA:51,1
DA:56,2
DA:60,1
DA:61,1
DA:62,1
DA:64,2
DA:69,1
DA:72,2
DA:74,1
DA:75,1
DA:76,1
DA:78,2
DA:83,1
DA:86,2
DA:89,1
DA:90,1
DA:92,2
LF:30
LH:30
end_of_record
SF:lib\features\catalog\external\dtos\material_dto.dart
DA:4,2
DA:8,2
DA:9,4
DA:10,6
DA:11,2
DA:12,4
LF:6
LH:6
end_of_record
SF:lib\features\catalog\external\models\catmat_model.dart
DA:8,3
DA:14,2
DA:15,2
DA:16,2
DA:17,4
DA:18,4
DA:19,8
DA:23,1
DA:24,4
LF:9
LH:9
end_of_record
SF:lib\features\catalog\external\dtos\service_dto.dart
DA:4,2
DA:8,2
DA:9,4
DA:10,6
DA:11,2
DA:12,4
LF:6
LH:6
end_of_record
SF:lib\features\catalog\external\models\catser_model.dart
DA:8,3
DA:14,2
DA:15,2
DA:16,2
DA:17,4
DA:18,4
DA:19,8
DA:23,1
DA:24,4
LF:9
LH:9
end_of_record
SF:lib\features\orders\external\dtos\order_dto.dart
DA:4,4
DA:5,2
DA:6,2
DA:7,2
DA:8,2
DA:9,2
DA:10,2
DA:11,2
DA:12,2
DA:13,2
DA:14,2
DA:17,3
DA:18,3
DA:19,3
DA:20,3
DA:21,3
DA:22,3
DA:23,3
DA:24,3
DA:25,3
DA:26,3
DA:27,3
DA:28,3
DA:29,3
LF:24
LH:24
end_of_record
SF:lib\features\orders\external\decorators\order_datasource_decorator.dart
DA:7,2
DA:9,2
DA:11,4
DA:14,1
DA:16,2
DA:19,1
DA:21,2
DA:24,1
DA:26,2
DA:29,1
DA:31,2
LF:11
LH:11
end_of_record
SF:lib\core\boot\router\router_boot.dart
DA:4,1
DA:5,1
LF:2
LH:2
end_of_record
SF:lib\core\router\router.dart
DA:15,3
DA:17,2
DA:18,4
DA:20,2
DA:21,2
DA:22,2
DA:26,0
DA:28,2
DA:29,0
DA:30,2
DA:31,2
DA:34,2
DA:36,2
DA:39,2
DA:41,2
DA:44,2
DA:53,2
DA:54,4
LF:18
LH:16
end_of_record
SF:lib\core\guards\auth_guard.dart
DA:10,1
DA:11,1
DA:13,1
DA:14,4
DA:17,1
LF:5
LH:5
end_of_record
SF:lib\core\guards\guest_guard.dart
DA:10,1
DA:11,1
DA:13,1
DA:14,4
DA:17,1
LF:5
LH:5
end_of_record
SF:lib\core\helpers\input_formatters.dart
DA:6,1
DA:7,1
DA:9,2
DA:10,4
DA:12,2
DA:13,4
DA:15,6
DA:16,4
DA:17,4
DA:18,2
DA:22,6
LF:11
LH:11
end_of_record
SF:lib\core\reactivity\obs_form.g.dart
DA:14,4
DA:15,4
DA:16,12
DA:18,4
DA:21,5
DA:22,5
DA:23,15
DA:25,5
DA:27,5
DA:28,10
DA:30,5
DA:32,10
DA:35,5
DA:37,10
DA:41,2
DA:43,4
DA:46,2
DA:48,4
DA:52,2
DA:54,4
DA:57,2
DA:59,4
DA:63,4
DA:65,8
DA:68,4
DA:70,8
DA:74,4
DA:76,8
DA:79,4
DA:81,8
DA:85,1
DA:88,1
DA:89,1
DA:90,1
LF:34
LH:34
end_of_record
SF:lib\core\reactivity\obs_form.dart
DA:22,5
DA:23,10
DA:24,4
DA:25,10
DA:26,15
DA:27,15
DA:28,5
DA:29,20
DA:30,10
DA:34,15
DA:35,12
DA:36,12
DA:38,4
DA:40,12
DA:43,5
DA:45,15
DA:46,35
DA:47,5
DA:50,5
DA:52,30
DA:55,2
DA:57,4
DA:60,2
DA:62,4
DA:65,4
DA:67,12
DA:68,5
DA:69,12
DA:74,4
DA:76,8
DA:79,5
DA:80,20
DA:81,20
LF:33
LH:33
end_of_record
SF:lib\features\app\presentation\layouts\app_layout.dart
DA:17,1
DA:19,1
DA:20,1
DA:44,1
DA:46,1
DA:47,3
DA:48,5
DA:49,5
DA:53,1
DA:55,2
DA:56,1
DA:58,1
DA:61,1
DA:63,3
DA:67,1
DA:69,2
DA:73,1
DA:74,3
DA:77,1
DA:78,2
DA:81,1
DA:83,1
DA:84,6
DA:86,1
DA:87,1
DA:88,1
DA:89,1
DA:90,3
DA:93,1
DA:95,1
DA:96,1
DA:97,1
DA:98,1
DA:99,3
DA:103,1
DA:104,1
DA:105,1
DA:107,1
DA:108,1
DA:109,3
DA:111,1
DA:113,1
DA:116,3
DA:122,1
DA:123,1
DA:124,5
DA:126,1
DA:127,2
DA:129,1
DA:130,2
DA:131,3
DA:132,2
DA:133,1
DA:137,1
DA:139,1
DA:141,3
DA:142,1
DA:151,1
DA:153,1
DA:154,4
DA:155,5
DA:158,2
LF:62
LH:62
end_of_record
SF:lib\features\auth\presentation\pages\login_page.dart
DA:18,15
DA:20,1
DA:21,1
DA:29,1
DA:31,1
DA:32,3
DA:33,5
DA:34,5
DA:38,1
DA:40,2
DA:41,2
DA:42,1
DA:44,1
DA:47,1
DA:49,3
DA:53,1
DA:55,2
DA:59,1
DA:60,5
DA:63,1
DA:65,1
DA:66,1
DA:67,2
DA:69,1
DA:70,1
DA:72,1
DA:73,1
DA:75,1
DA:78,1
DA:79,1
DA:82,1
DA:87,1
DA:88,1
DA:89,1
DA:90,1
DA:91,1
DA:92,1
DA:94,1
DA:96,1
DA:97,1
DA:100,1
DA:106,1
DA:107,1
DA:108,1
DA:109,1
DA:111,1
DA:113,1
DA:114,1
DA:116,1
DA:124,1
DA:125,1
DA:126,1
DA:127,1
DA:129,1
DA:134,1
LF:55
LH:55
end_of_record
SF:lib\features\catalog\presentation\pages\items_search_page.dart
DA:16,15
DA:18,1
DA:19,1
DA:30,1
DA:32,1
DA:33,3
DA:34,5
DA:35,6
DA:39,1
DA:41,2
DA:42,2
DA:43,1
DA:45,1
DA:48,1
DA:50,3
DA:54,1
DA:55,5
DA:58,1
DA:59,2
DA:60,2
DA:64,1
DA:65,2
DA:66,1
DA:67,1
DA:68,1
DA:71,1
DA:73,1
DA:74,1
DA:75,1
DA:76,2
DA:77,2
DA:78,2
DA:81,3
DA:82,3
DA:83,3
DA:85,1
DA:89,1
DA:92,1
DA:93,1
DA:94,1
DA:96,1
DA:97,1
DA:100,1
DA:101,1
DA:102,1
DA:104,1
DA:106,1
DA:108,2
DA:117,1
DA:119,1
DA:121,1
DA:123,2
DA:133,1
DA:135,1
DA:137,1
DA:138,1
DA:139,1
DA:140,1
DA:144,2
DA:146,2
DA:148,2
DA:150,1
DA:153,1
DA:155,1
DA:160,1
DA:163,1
DA:165,1
DA:170,1
DA:182,1
DA:183,1
DA:185,1
DA:199,1
DA:200,1
DA:201,1
DA:202,1
DA:204,1
DA:205,1
DA:206,3
DA:215,1
DA:259,2
DA:260,2
DA:261,1
DA:262,1
DA:263,1
DA:265,3
DA:268,1
DA:269,1
DA:271,2
DA:272,1
DA:273,1
DA:277,1
DA:278,1
DA:280,2
DA:294,1
DA:295,1
DA:297,1
DA:298,1
DA:299,1
DA:300,1
DA:301,1
LF:100
LH:100
end_of_record
SF:lib\features\orders\presentation\pages\order_register_page.dart
DA:29,15
DA:31,1
DA:32,1
DA:43,1
DA:45,1
DA:46,3
DA:47,5
DA:48,5
DA:49,5
DA:50,6
DA:54,1
DA:56,2
DA:57,2
DA:58,2
DA:59,1
DA:61,1
DA:64,1
DA:65,1
DA:66,2
DA:67,1
DA:68,2
DA:72,1
DA:74,3
DA:78,1
DA:79,5
DA:82,1
DA:83,3
DA:84,1
DA:85,1
DA:86,1
DA:87,1
DA:88,1
DA:89,1
DA:90,1
DA:91,1
DA:95,1
DA:96,1
DA:97,3
DA:98,3
DA:100,2
DA:103,1
DA:104,1
DA:105,1
DA:106,2
DA:110,1
DA:115,1
DA:116,1
DA:117,3
DA:118,3
DA:120,2
DA:123,1
DA:124,2
DA:125,2
DA:126,1
DA:127,1
DA:128,1
DA:131,1
DA:133,1
DA:134,1
DA:135,1
DA:138,1
DA:139,1
DA:140,2
DA:141,2
DA:144,2
DA:145,1
DA:147,1
DA:148,1
DA:149,1
DA:150,1
DA:152,1
DA:155,1
DA:156,1
DA:157,1
DA:158,1
DA:160,2
DA:165,1
DA:166,1
DA:168,1
DA:170,1
DA:171,1
DA:182,1
DA:183,1
DA:200,1
DA:201,1
DA:202,2
DA:203,2
DA:205,2
DA:206,2
DA:207,1
DA:210,1
DA:211,1
DA:212,1
DA:213,1
DA:214,1
DA:215,1
DA:217,1
DA:219,1
DA:220,1
DA:222,2
DA:226,1
DA:227,1
DA:229,1
DA:231,1
DA:232,1
DA:234,2
DA:238,1
DA:239,1
DA:241,1
DA:243,1
DA:244,1
DA:246,2
DA:252,1
DA:253,1
DA:254,1
DA:255,1
DA:257,1
DA:259,1
DA:260,1
DA:262,2
DA:269,1
DA:270,1
DA:271,1
DA:272,1
DA:274,1
DA:276,1
DA:277,1
DA:279,2
DA:283,1
DA:284,1
DA:286,1
DA:288,1
DA:289,1
DA:291,2
DA:295,1
DA:296,1
DA:298,1
DA:300,1
DA:301,1
DA:303,2
DA:309,1
DA:310,1
DA:311,1
DA:312,1
DA:314,1
DA:316,1
DA:317,1
DA:319,2
DA:333,1
DA:334,1
DA:335,2
DA:336,2
DA:339,2
DA:340,2
DA:341,1
DA:345,3
DA:347,3
DA:350,2
DA:353,1
DA:354,1
DA:355,1
DA:357,1
DA:362,1
DA:365,1
DA:367,1
DA:372,1
DA:375,1
DA:377,1
DA:382,1
LF:169
LH:169
end_of_record
SF:lib\features\orders\presentation\pages\orders_search_page.dart
DA:16,15
DA:18,1
DA:19,1
DA:29,1
DA:31,1
DA:32,3
DA:33,5
DA:34,6
DA:38,1
DA:40,2
DA:41,2
DA:42,1
DA:44,1
DA:47,1
DA:49,3
DA:53,1
DA:54,5
DA:57,1
DA:58,2
DA:59,2
DA:63,1
DA:64,2
DA:65,1
DA:66,1
DA:67,1
DA:70,1
DA:72,1
DA:73,1
DA:74,1
DA:75,2
DA:76,2
DA:77,2
DA:80,3
DA:81,3
DA:83,1
DA:88,2
DA:90,1
DA:91,1
DA:94,1
DA:95,1
DA:96,1
DA:98,1
DA:100,1
DA:102,2
DA:111,1
DA:113,1
DA:115,1
DA:116,1
DA:117,1
DA:118,1
DA:122,2
DA:124,2
DA:126,2
DA:128,1
DA:131,1
DA:133,1
DA:138,1
DA:141,1
DA:143,1
DA:148,1
DA:160,1
DA:161,1
DA:163,1
DA:177,1
DA:178,1
DA:179,1
DA:180,1
DA:182,1
DA:183,1
DA:184,3
DA:194,1
DA:251,2
DA:252,2
DA:253,1
DA:254,1
DA:255,1
DA:257,1
DA:258,1
DA:259,2
DA:260,2
DA:265,1
DA:266,1
DA:268,2
DA:271,1
DA:272,1
DA:274,2
DA:277,1
DA:278,1
DA:280,2
DA:294,1
DA:295,1
DA:297,1
DA:298,1
DA:299,1
DA:300,1
DA:301,1
LF:96
LH:96
end_of_record
SF:lib\core\router\transitions.dart
DA:8,3
DA:9,2
DA:10,1
DA:13,3
DA:14,0
DA:15,0
DA:16,0
LF:7
LH:4
end_of_record
SF:lib\features\app\domain\entities\page_info.dart
DA:9,15
DA:15,1
DA:16,4
LF:3
LH:3
end_of_record
SF:lib\core\boot\sentry\sentry_boot.dart
DA:4,1
DA:5,1
DA:6,1
DA:8,1
DA:9,1
LF:5
LH:5
end_of_record
SF:lib\core\boot\auth\auth_boot.dart
DA:10,0
DA:11,0
DA:12,0
LF:3
LH:0
end_of_record
SF:lib\core\boot\boot.dart
DA:8,0
DA:9,0
DA:10,0
DA:11,0
DA:12,0
DA:13,0
DA:14,0
LF:7
LH:0
end_of_record
